<?xml version="1.0" encoding="UTF-8"?>
<testsuites name="20200622_200601" timestamp="2020-06-22T20:06:01" time="58.092" tests="2" errors="0">
  <testsuite id="1" name="MyNexial2Demo" package="MyNexial2Demo" hostname="ATMECSINLT-135" timestamp="2020-06-22T20:06:05" time="50.338" tests="2" errors="0">
    <properties>
      <property name="Run From" value="ATMECSINLT-135" />
      <property name="Run OS" value="amd64 Windows 10 10.0" />
      <property name="Run User" value="mayur.patil" />
      <property name="Iteration" value="1 of 1" />
      <property name="Script" value="MyNexial2Demo.xlsx" />
      <property name="Logs" value="C:\projects\MyNexial2Demo\output\20200622_200601\logs\nexial-20200622_200601.log" />
      <property name="Data File" value="MyNexial2Demo.data.xlsx" />
      <property name="DataSheet(s)" value="#default" />
      <property name="runtime args" value="-script C:\projects\MyNexial2Demo\artifact\script\MyNexial2Demo.xlsx" />
    </properties>
    <testcase id="Activity 1" name="Activity 1" classname="Scenario" timestamp="2020-06-22T20:06:08" time="47.948">
      <system-out>Total : 1
Passed: 1
Failed: 0
Output: C:\projects\MyNexial2Demo\output\20200622_200601\MyNexial2Demo.20200622_200605.001.xlsx
Logs  : C:\projects\MyNexial2Demo\output\20200622_200601\logs\nexial-20200622_200601.log</system-out>
    </testcase>
    <testcase id="Activity 2" name="Activity 2" classname="Scenario" timestamp="2020-06-22T20:06:09" time="46.998">
      <system-out>Total : 1
Passed: 1
Failed: 0
Output: C:\projects\MyNexial2Demo\output\20200622_200601\MyNexial2Demo.20200622_200605.001.xlsx
Logs  : C:\projects\MyNexial2Demo\output\20200622_200601\logs\nexial-20200622_200601.log</system-out>
    </testcase>
  </testsuite>
</testsuites>
