<?xml version="1.0" encoding="UTF-8"?>
<testsuites name="20201015_171914" timestamp="2020-10-15T17:19:14" time="37.194" tests="7" errors="0">
  <testsuite id="1" name="MyNexial2Demo" package="MyNexial2Demo" hostname="ATMECSINLT-135" timestamp="2020-10-15T17:19:18" time="29.456" tests="7" errors="0">
    <properties>
      <property name="Run From" value="ATMECSINLT-135" />
      <property name="Run OS" value="amd64 Windows 10 10.0" />
      <property name="Run User" value="mayur.patil" />
      <property name="Iteration" value="1 of 1" />
      <property name="Script" value="MyNexial2Demo.xlsx" />
      <property name="Logs" value="C:\projects\MyNexial2Demo\output\20201015_171914\logs\nexial-20201015_171914.log" />
      <property name="Data File" value="MyNexial2Demo.data.xlsx" />
      <property name="DataSheet(s)" value="#default" />
      <property name="runtime args" value="-script C:\projects\MyNexial2Demo\artifact\script\MyNexial2Demo.xlsx" />
    </properties>
    <testcase id="Activity 1" name="Activity 1" classname="Scenario" timestamp="2020-10-15T17:19:20" time="27.035">
      <system-out>Total : 1
Passed: 1
Failed: 0
Output: C:\projects\MyNexial2Demo\output\20201015_171914\MyNexial2Demo.20201015_171918.001.xlsx
Logs  : C:\projects\MyNexial2Demo\output\20201015_171914\logs\nexial-20201015_171914.log</system-out>
    </testcase>
    <testcase id="Activity 2" name="Activity 2" classname="Scenario" timestamp="2020-10-15T17:19:21" time="26.001">
      <system-out>Total : 6
Passed: 6
Failed: 0
Output: C:\projects\MyNexial2Demo\output\20201015_171914\MyNexial2Demo.20201015_171918.001.xlsx
Logs  : C:\projects\MyNexial2Demo\output\20201015_171914\logs\nexial-20201015_171914.log</system-out>
    </testcase>
  </testsuite>
</testsuites>
