<?xml version="1.0" encoding="UTF-8"?>
<testsuites name="20201015_171417" timestamp="2020-10-15T17:14:17" time="37.176" tests="9" errors="2">
  <testsuite id="1" name="MyNexial2Demo" package="MyNexial2Demo" hostname="ATMECSINLT-135" timestamp="2020-10-15T17:14:21" time="29.210" tests="9" errors="2">
    <properties>
      <property name="Run From" value="ATMECSINLT-135" />
      <property name="Run OS" value="amd64 Windows 10 10.0" />
      <property name="Run User" value="mayur.patil" />
      <property name="Iteration" value="1 of 1" />
      <property name="Script" value="MyNexial2Demo.xlsx" />
      <property name="MyNexial2Demo.20201015_171421.001.xlsx_Scenario_A13.log" value="C:\projects\MyNexial2Demo\output\20201015_171417\logs\MyNexial2Demo.20201015_171421.001.xlsx_Scenario_A13.log" />
      <property name="Logs" value="C:\projects\MyNexial2Demo\output\20201015_171417\logs\nexial-20201015_171417.log" />
      <property name="Data File" value="MyNexial2Demo.data.xlsx" />
      <property name="DataSheet(s)" value="#default" />
      <property name="runtime args" value="-script C:\projects\MyNexial2Demo\artifact\script\MyNexial2Demo.xlsx" />
    </properties>
    <testcase id="Activity 1" name="Activity 1" classname="Scenario" timestamp="2020-10-15T17:14:24" time="26.290">
      <system-out>Total : 1
Passed: 1
Failed: 0
Output: C:\projects\MyNexial2Demo\output\20201015_171417\MyNexial2Demo.20201015_171421.001.xlsx
Logs  : C:\projects\MyNexial2Demo\output\20201015_171417\logs\nexial-20201015_171417.log</system-out>
    </testcase>
    <testcase id="Activity 2" name="Activity 2" classname="Scenario" timestamp="2020-10-15T17:14:25" time="25.265">
      <failure type="failure found in test activity" message="2 of 8 FAILED. Check C:\projects\MyNexial2Demo\output\20201015_171417\MyNexial2Demo.20201015_171421.001.xlsx for execution result, C:\projects\MyNexial2Demo\output\20201015_171417\logs\nexial-20201015_171417.log for execution logs" />
      <system-out>Total : 8
Passed: 6
Failed: 2
Output: C:\projects\MyNexial2Demo\output\20201015_171417\MyNexial2Demo.20201015_171421.001.xlsx
Logs  : C:\projects\MyNexial2Demo\output\20201015_171417\logs\nexial-20201015_171417.log</system-out>
    </testcase>
  </testsuite>
</testsuites>
