<?xml version="1.0" encoding="UTF-8"?>
<testsuites name="20200624_163013" timestamp="2020-06-24T16:30:13" time="35.241" tests="8" errors="1">
  <testsuite id="1" name="MyNexial2Demo" package="MyNexial2Demo" hostname="ATMECSINLT-135" timestamp="2020-06-24T16:30:18" time="26.596" tests="8" errors="1">
    <properties>
      <property name="Run From" value="ATMECSINLT-135" />
      <property name="Run OS" value="amd64 Windows 10 10.0" />
      <property name="Run User" value="mayur.patil" />
      <property name="Iteration" value="1 of 1" />
      <property name="Script" value="MyNexial2Demo.xlsx" />
      <property name="MyNexial2Demo.20200624_163018.001.xlsx_Scenario_A12.log" value="C:\projects\MyNexial2Demo\output\20200624_163013\logs\MyNexial2Demo.20200624_163018.001.xlsx_Scenario_A12.log" />
      <property name="Logs" value="C:\projects\MyNexial2Demo\output\20200624_163013\logs\nexial-20200624_163013.log" />
      <property name="Data File" value="MyNexial2Demo.data.xlsx" />
      <property name="DataSheet(s)" value="#default" />
      <property name="runtime args" value="-script C:\projects\MyNexial2Demo\artifact\script\MyNexial2Demo.xlsx" />
    </properties>
    <testcase id="Activity 1" name="Activity 1" classname="Scenario" timestamp="2020-06-24T16:30:20" time="23.975">
      <system-out>Total : 1
Passed: 1
Failed: 0
Output: C:\projects\MyNexial2Demo\output\20200624_163013\MyNexial2Demo.20200624_163018.001.xlsx
Logs  : C:\projects\MyNexial2Demo\output\20200624_163013\logs\nexial-20200624_163013.log</system-out>
    </testcase>
    <testcase id="Activity 2" name="Activity 2" classname="Scenario" timestamp="2020-06-24T16:30:22" time="22.817">
      <failure type="failure found in test activity" message="1 of 7 FAILED. Check C:\projects\MyNexial2Demo\output\20200624_163013\MyNexial2Demo.20200624_163018.001.xlsx for execution result, C:\projects\MyNexial2Demo\output\20200624_163013\logs\nexial-20200624_163013.log for execution logs" />
      <system-out>Total : 7
Passed: 6
Failed: 1
Output: C:\projects\MyNexial2Demo\output\20200624_163013\MyNexial2Demo.20200624_163018.001.xlsx
Logs  : C:\projects\MyNexial2Demo\output\20200624_163013\logs\nexial-20200624_163013.log</system-out>
    </testcase>
  </testsuite>
</testsuites>
