<?xml version="1.0" encoding="UTF-8"?>
<testsuites name="20200622_195201" timestamp="2020-06-22T19:52:01" time="186.167" tests="1" errors="0">
  <testsuite id="1" name="MyNexial2Demo" package="MyNexial2Demo" hostname="ATMECSINLT-135" timestamp="2020-06-22T19:52:06" time="94.369" tests="1" errors="0">
    <properties>
      <property name="Run From" value="ATMECSINLT-135" />
      <property name="Run OS" value="amd64 Windows 10 10.0" />
      <property name="Run User" value="mayur.patil" />
      <property name="Iteration" value="1 of 1" />
      <property name="Script" value="MyNexial2Demo.xlsx" />
      <property name="Logs" value="C:\projects\MyNexial2Demo\output\20200622_195201\logs\nexial-20200622_195201.log" />
      <property name="Data File" value="MyNexial2Demo.data.xlsx" />
      <property name="DataSheet(s)" value="#default" />
      <property name="runtime args" value="-script C:\projects\MyNexial2Demo\artifact\script\MyNexial2Demo.xlsx" />
    </properties>
    <testcase id="Activity 1" name="Activity 1" classname="Scenario" timestamp="2020-06-22T19:53:37" time="2.682">
      <system-out>Total : 1
Passed: 1
Failed: 0
Output: C:\projects\MyNexial2Demo\output\20200622_195201\MyNexial2Demo.20200622_195206.001.xlsx
Logs  : C:\projects\MyNexial2Demo\output\20200622_195201\logs\nexial-20200622_195201.log</system-out>
    </testcase>
  </testsuite>
</testsuites>
