<?xml version="1.0" encoding="UTF-8"?>
<testsuites name="20200624_163526" timestamp="2020-06-24T16:35:26" time="34.192" tests="9" errors="2">
  <testsuite id="1" name="MyNexial2Demo" package="MyNexial2Demo" hostname="ATMECSINLT-135" timestamp="2020-06-24T16:35:31" time="26.317" tests="9" errors="2">
    <properties>
      <property name="Run From" value="ATMECSINLT-135" />
      <property name="Run OS" value="amd64 Windows 10 10.0" />
      <property name="Run User" value="mayur.patil" />
      <property name="Iteration" value="1 of 1" />
      <property name="Script" value="MyNexial2Demo.xlsx" />
      <property name="MyNexial2Demo.20200624_163531.001.xlsx_Scenario_A13.log" value="C:\projects\MyNexial2Demo\output\20200624_163526\logs\MyNexial2Demo.20200624_163531.001.xlsx_Scenario_A13.log" />
      <property name="Logs" value="C:\projects\MyNexial2Demo\output\20200624_163526\logs\nexial-20200624_163526.log" />
      <property name="Data File" value="MyNexial2Demo.data.xlsx" />
      <property name="DataSheet(s)" value="#default" />
      <property name="runtime args" value="-script C:\projects\MyNexial2Demo\artifact\script\MyNexial2Demo.xlsx" />
    </properties>
    <testcase id="Activity 1" name="Activity 1" classname="Scenario" timestamp="2020-06-24T16:35:33" time="23.718">
      <system-out>Total : 1
Passed: 1
Failed: 0
Output: C:\projects\MyNexial2Demo\output\20200624_163526\MyNexial2Demo.20200624_163531.001.xlsx
Logs  : C:\projects\MyNexial2Demo\output\20200624_163526\logs\nexial-20200624_163526.log</system-out>
    </testcase>
    <testcase id="Activity 2" name="Activity 2" classname="Scenario" timestamp="2020-06-24T16:35:34" time="22.654">
      <failure type="failure found in test activity" message="2 of 8 FAILED. Check C:\projects\MyNexial2Demo\output\20200624_163526\MyNexial2Demo.20200624_163531.001.xlsx for execution result, C:\projects\MyNexial2Demo\output\20200624_163526\logs\nexial-20200624_163526.log for execution logs" />
      <system-out>Total : 8
Passed: 6
Failed: 2
Output: C:\projects\MyNexial2Demo\output\20200624_163526\MyNexial2Demo.20200624_163531.001.xlsx
Logs  : C:\projects\MyNexial2Demo\output\20200624_163526\logs\nexial-20200624_163526.log</system-out>
    </testcase>
  </testsuite>
</testsuites>
